<?xml version="1.0" encoding="UTF-8"?>
<testng-results skipped="0" failed="0" total="1" passed="1">
  <reporter-output>
  </reporter-output>
  <suite name="BDD Test Suite" duration-ms="33177" started-at="2020-04-04T12:44:21Z" finished-at="2020-04-04T12:44:54Z">
    <groups>
      <group name="cucumber">
        <method signature="MyRunner.feature(cucumber.api.testng.CucumberFeatureWrapper)[pri:0, instance:MyRunner.MyRunner@3745e5c6]" name="feature" class="MyRunner.MyRunner"/>
      </group> <!-- cucumber -->
    </groups>
    <test name="Default test" duration-ms="33177" started-at="2020-04-04T12:44:21Z" finished-at="2020-04-04T12:44:54Z">
      <class name="MyRunner.MyRunner">
        <test-method status="PASS" signature="setUpClass()[pri:0, instance:MyRunner.MyRunner@3745e5c6]" name="setUpClass" is-config="true" duration-ms="838" started-at="2020-04-04T18:14:21Z" finished-at="2020-04-04T18:14:22Z">
          <reporter-output>
          </reporter-output>
        </test-method> <!-- setUpClass -->
        <test-method status="PASS" signature="feature(cucumber.api.testng.CucumberFeatureWrapper)[pri:0, instance:MyRunner.MyRunner@3745e5c6]" name="feature" duration-ms="31921" started-at="2020-04-04T18:14:22Z" description="Runs Cucumber Feature" data-provider="features" finished-at="2020-04-04T18:14:54Z">
          <params>
            <param index="0">
              <value>
                <![CDATA[Login page feature]]>
              </value>
            </param>
          </params>
          <reporter-output>
          </reporter-output>
        </test-method> <!-- feature -->
        <test-method status="PASS" signature="tearDownClass()[pri:0, instance:MyRunner.MyRunner@3745e5c6]" name="tearDownClass" is-config="true" duration-ms="105" started-at="2020-04-04T18:14:54Z" finished-at="2020-04-04T18:14:54Z">
          <reporter-output>
          </reporter-output>
        </test-method> <!-- tearDownClass -->
      </class> <!-- MyRunner.MyRunner -->
    </test> <!-- Default test -->
  </suite> <!-- BDD Test Suite -->
</testng-results>
